2021-03-17 19:25:15.813 [main] INFO  calculator.Calculator - [FACTORIAL] - 6.0
2021-03-17 19:25:15.817 [main] INFO  calculator.Calculator - [RESULT - FACTORIAL] - 720.0
2021-03-17 19:25:15.817 [main] INFO  calculator.Calculator - [FACTORIAL] - 3.0
2021-03-17 19:25:15.818 [main] INFO  calculator.Calculator - [RESULT - FACTORIAL] - 6.0
2021-03-17 19:25:15.819 [main] INFO  calculator.Calculator - [SQ ROOT] - 3.0
2021-03-17 19:25:15.819 [main] INFO  calculator.Calculator - [RESULT - SQ ROOT] - 1.7320508075688772
2021-03-17 19:25:15.819 [main] INFO  calculator.Calculator - [SQ ROOT] - 4.0
2021-03-17 19:25:15.820 [main] INFO  calculator.Calculator - [RESULT - SQ ROOT] - 2.0
2021-03-17 19:25:15.821 [main] INFO  calculator.Calculator - [NATURAL LOG] - 1.0
2021-03-17 19:25:15.821 [main] INFO  calculator.Calculator - [RESULT - NATURAL LOG] - 0.0
2021-03-17 19:25:15.821 [main] INFO  calculator.Calculator - [NATURAL LOG] - 1.0
2021-03-17 19:25:15.822 [main] INFO  calculator.Calculator - [RESULT - NATURAL LOG] - 0.0
2021-03-17 19:25:15.822 [main] INFO  calculator.Calculator - [FACTORIAL] - 6.0
2021-03-17 19:25:15.823 [main] INFO  calculator.Calculator - [RESULT - FACTORIAL] - 720.0
2021-03-17 19:25:15.823 [main] INFO  calculator.Calculator - [FACTORIAL] - 10.0
2021-03-17 19:25:15.823 [main] INFO  calculator.Calculator - [RESULT - FACTORIAL] - 3628800.0
2021-03-17 19:25:15.824 [main] INFO  calculator.Calculator - [POWER - 2.0 RAISED TO] 2.0
2021-03-17 19:25:15.825 [main] INFO  calculator.Calculator - [RESULT - POWER] - 4.0
2021-03-17 19:25:15.825 [main] INFO  calculator.Calculator - [POWER - 2.0 RAISED TO] 3.0
2021-03-17 19:25:15.825 [main] INFO  calculator.Calculator - [RESULT - POWER] - 8.0
2021-03-17 19:25:15.826 [main] INFO  calculator.Calculator - [POWER - 2.0 RAISED TO] 3.0
2021-03-17 19:25:15.826 [main] INFO  calculator.Calculator - [RESULT - POWER] - 8.0
2021-03-17 19:25:15.827 [main] INFO  calculator.Calculator - [POWER - 4.0 RAISED TO] 3.0
2021-03-17 19:25:15.827 [main] INFO  calculator.Calculator - [RESULT - POWER] - 64.0
2021-03-17 19:25:15.828 [main] INFO  calculator.Calculator - [NATURAL LOG] - 2.4
2021-03-17 19:25:15.828 [main] INFO  calculator.Calculator - [RESULT - NATURAL LOG] - 0.8754687373538999
2021-03-17 19:25:15.828 [main] INFO  calculator.Calculator - [NATURAL LOG] - 2.1
2021-03-17 19:25:15.828 [main] INFO  calculator.Calculator - [RESULT - NATURAL LOG] - 0.7419373447293773
2021-03-17 19:25:15.829 [main] INFO  calculator.Calculator - [SQ ROOT] - 4.0
2021-03-17 19:25:15.829 [main] INFO  calculator.Calculator - [RESULT - SQ ROOT] - 2.0
2021-03-17 19:25:15.829 [main] INFO  calculator.Calculator - [SQ ROOT] - 1.0
2021-03-17 19:25:15.830 [main] INFO  calculator.Calculator - [RESULT - SQ ROOT] - 1.0
