2021-03-17 16:47:06.820 [main] INFO  calculator.Calculator - [NATURAL LOG] - 123.0
2021-03-17 16:47:06.824 [main] INFO  calculator.Calculator - [RESULT - NATURAL LOG] - 4.812184355372417
2021-03-17 16:48:06.266 [main] INFO  calculator.Calculator - [SQ ROOT] - 34.0
2021-03-17 16:48:06.270 [main] INFO  calculator.Calculator - [RESULT - SQ ROOT] - 5.830951894845301
2021-03-17 16:48:11.834 [main] INFO  calculator.Calculator - [POWER - 4.0 RAISED TO] 5.0
2021-03-17 16:48:11.834 [main] INFO  calculator.Calculator - [RESULT - POWER] - 1024.0
2021-03-17 16:48:17.060 [main] INFO  calculator.Calculator - [FACTORIAL] - 20.0
2021-03-17 16:48:17.061 [main] INFO  calculator.Calculator - [RESULT - FACTORIAL] - 2.43290200817664E18
2021-03-17 16:48:30.703 [main] INFO  calculator.Calculator - [NATURAL LOG] - 100.0
2021-03-17 16:48:30.707 [main] INFO  calculator.Calculator - [RESULT - NATURAL LOG] - 4.605170185988092
2021-03-17 16:48:48.118 [main] INFO  calculator.Calculator - [FACTORIAL] - 12.0
2021-03-17 16:48:48.119 [main] INFO  calculator.Calculator - [RESULT - FACTORIAL] - 4.790016E8
2021-03-17 16:48:56.583 [main] INFO  calculator.Calculator - [FACTORIAL] - 13.0
2021-03-17 16:48:56.583 [main] INFO  calculator.Calculator - [RESULT - FACTORIAL] - 6.2270208E9
2021-03-17 16:49:02.027 [main] INFO  calculator.Calculator - [POWER - 4.0 RAISED TO] 5.0
2021-03-17 16:49:02.027 [main] INFO  calculator.Calculator - [RESULT - POWER] - 1024.0
2021-03-17 16:49:12.558 [main] INFO  calculator.Calculator - [SQ ROOT] - 121.0
2021-03-17 16:49:12.562 [main] INFO  calculator.Calculator - [RESULT - SQ ROOT] - 11.0
2021-03-17 16:49:23.646 [main] INFO  calculator.Calculator - [POWER - 20.0 RAISED TO] 3.0
2021-03-17 16:49:23.647 [main] INFO  calculator.Calculator - [RESULT - POWER] - 8000.0
